<?xml version="1.0" encoding="UTF-8"?>
<testsuite xmlns:xsi="http://www.w3.org/2001/XMLSchema-instance" xsi:noNamespaceSchemaLocation="https://maven.apache.org/surefire/maven-surefire-plugin/xsd/surefire-test-report-3.0.xsd" version="3.0" name="Runner.TestRunner" time="107.875" tests="41" errors="0" skipped="0" failures="0">
  <properties>
    <property name="sun.desktop" value="windows"/>
    <property name="awt.toolkit" value="sun.awt.windows.WToolkit"/>
    <property name="file.encoding.pkg" value="sun.io"/>
    <property name="java.specification.version" value="1.8"/>
    <property name="sun.cpu.isalist" value="amd64"/>
    <property name="sun.jnu.encoding" value="Cp1252"/>
    <property name="java.class.path" value="C:\Test Automation\Sana_toDoList\target\test-classes;C:\Test Automation\Sana_toDoList\target\classes;C:\Users\shaik\.m2\repository\junit\junit\4.12\junit-4.12.jar;C:\Users\shaik\.m2\repository\org\hamcrest\hamcrest-core\1.3\hamcrest-core-1.3.jar;C:\Users\shaik\.m2\repository\org\seleniumhq\selenium\selenium-java\3.7.0\selenium-java-3.7.0.jar;C:\Users\shaik\.m2\repository\org\seleniumhq\selenium\selenium-api\3.7.0\selenium-api-3.7.0.jar;C:\Users\shaik\.m2\repository\org\seleniumhq\selenium\selenium-chrome-driver\3.7.0\selenium-chrome-driver-3.7.0.jar;C:\Users\shaik\.m2\repository\org\seleniumhq\selenium\selenium-edge-driver\3.7.0\selenium-edge-driver-3.7.0.jar;C:\Users\shaik\.m2\repository\org\seleniumhq\selenium\selenium-firefox-driver\3.7.0\selenium-firefox-driver-3.7.0.jar;C:\Users\shaik\.m2\repository\org\seleniumhq\selenium\selenium-ie-driver\3.7.0\selenium-ie-driver-3.7.0.jar;C:\Users\shaik\.m2\repository\org\seleniumhq\selenium\selenium-opera-driver\3.7.0\selenium-opera-driver-3.7.0.jar;C:\Users\shaik\.m2\repository\org\seleniumhq\selenium\selenium-remote-driver\3.7.0\selenium-remote-driver-3.7.0.jar;C:\Users\shaik\.m2\repository\org\seleniumhq\selenium\selenium-safari-driver\3.7.0\selenium-safari-driver-3.7.0.jar;C:\Users\shaik\.m2\repository\org\seleniumhq\selenium\selenium-support\3.7.0\selenium-support-3.7.0.jar;C:\Users\shaik\.m2\repository\net\bytebuddy\byte-buddy\1.7.5\byte-buddy-1.7.5.jar;C:\Users\shaik\.m2\repository\org\apache\commons\commons-exec\1.3\commons-exec-1.3.jar;C:\Users\shaik\.m2\repository\commons-codec\commons-codec\1.10\commons-codec-1.10.jar;C:\Users\shaik\.m2\repository\commons-logging\commons-logging\1.2\commons-logging-1.2.jar;C:\Users\shaik\.m2\repository\com\google\code\gson\gson\2.8.2\gson-2.8.2.jar;C:\Users\shaik\.m2\repository\com\google\guava\guava\23.0\guava-23.0.jar;C:\Users\shaik\.m2\repository\com\google\code\findbugs\jsr305\1.3.9\jsr305-1.3.9.jar;C:\Users\shaik\.m2\repository\com\google\errorprone\error_prone_annotations\2.0.18\error_prone_annotations-2.0.18.jar;C:\Users\shaik\.m2\repository\com\google\j2objc\j2objc-annotations\1.1\j2objc-annotations-1.1.jar;C:\Users\shaik\.m2\repository\org\codehaus\mojo\animal-sniffer-annotations\1.14\animal-sniffer-annotations-1.14.jar;C:\Users\shaik\.m2\repository\org\apache\httpcomponents\httpclient\4.5.3\httpclient-4.5.3.jar;C:\Users\shaik\.m2\repository\org\apache\httpcomponents\httpcore\4.4.6\httpcore-4.4.6.jar;C:\Users\shaik\.m2\repository\info\cukes\cucumber-java\1.2.5\cucumber-java-1.2.5.jar;C:\Users\shaik\.m2\repository\info\cukes\cucumber-core\1.2.5\cucumber-core-1.2.5.jar;C:\Users\shaik\.m2\repository\info\cukes\cucumber-html\0.2.3\cucumber-html-0.2.3.jar;C:\Users\shaik\.m2\repository\info\cukes\gherkin\2.12.2\gherkin-2.12.2.jar;C:\Users\shaik\.m2\repository\info\cukes\cucumber-jvm-deps\1.0.5\cucumber-jvm-deps-1.0.5.jar;C:\Users\shaik\.m2\repository\info\cukes\cucumber-junit\1.2.5\cucumber-junit-1.2.5.jar;"/>
    <property name="java.vm.vendor" value="Oracle Corporation"/>
    <property name="sun.arch.data.model" value="64"/>
    <property name="user.variant" value=""/>
    <property name="java.vendor.url" value="http://java.oracle.com/"/>
    <property name="user.timezone" value="Europe/Berlin"/>
    <property name="user.country.format" value="NL"/>
    <property name="java.vm.specification.version" value="1.8"/>
    <property name="os.name" value="Windows 10"/>
    <property name="user.country" value="GB"/>
    <property name="sun.java.launcher" value="SUN_STANDARD"/>
    <property name="sun.boot.library.path" value="C:\Program Files\Java\jdk1.8.0_202\jre\bin"/>
    <property name="sun.java.command" value="C:\Users\shaik\AppData\Local\Temp\surefire3913033504500503512\surefirebooter-20231218120402766_3.jar C:\Users\shaik\AppData\Local\Temp\surefire3913033504500503512 2023-12-18T12-04-02_357-jvmRun1 surefire-20231218120402766_1tmp surefire_0-20231218120402766_2tmp"/>
    <property name="surefire.test.class.path" value="C:\Test Automation\Sana_toDoList\target\test-classes;C:\Test Automation\Sana_toDoList\target\classes;C:\Users\shaik\.m2\repository\junit\junit\4.12\junit-4.12.jar;C:\Users\shaik\.m2\repository\org\hamcrest\hamcrest-core\1.3\hamcrest-core-1.3.jar;C:\Users\shaik\.m2\repository\org\seleniumhq\selenium\selenium-java\3.7.0\selenium-java-3.7.0.jar;C:\Users\shaik\.m2\repository\org\seleniumhq\selenium\selenium-api\3.7.0\selenium-api-3.7.0.jar;C:\Users\shaik\.m2\repository\org\seleniumhq\selenium\selenium-chrome-driver\3.7.0\selenium-chrome-driver-3.7.0.jar;C:\Users\shaik\.m2\repository\org\seleniumhq\selenium\selenium-edge-driver\3.7.0\selenium-edge-driver-3.7.0.jar;C:\Users\shaik\.m2\repository\org\seleniumhq\selenium\selenium-firefox-driver\3.7.0\selenium-firefox-driver-3.7.0.jar;C:\Users\shaik\.m2\repository\org\seleniumhq\selenium\selenium-ie-driver\3.7.0\selenium-ie-driver-3.7.0.jar;C:\Users\shaik\.m2\repository\org\seleniumhq\selenium\selenium-opera-driver\3.7.0\selenium-opera-driver-3.7.0.jar;C:\Users\shaik\.m2\repository\org\seleniumhq\selenium\selenium-remote-driver\3.7.0\selenium-remote-driver-3.7.0.jar;C:\Users\shaik\.m2\repository\org\seleniumhq\selenium\selenium-safari-driver\3.7.0\selenium-safari-driver-3.7.0.jar;C:\Users\shaik\.m2\repository\org\seleniumhq\selenium\selenium-support\3.7.0\selenium-support-3.7.0.jar;C:\Users\shaik\.m2\repository\net\bytebuddy\byte-buddy\1.7.5\byte-buddy-1.7.5.jar;C:\Users\shaik\.m2\repository\org\apache\commons\commons-exec\1.3\commons-exec-1.3.jar;C:\Users\shaik\.m2\repository\commons-codec\commons-codec\1.10\commons-codec-1.10.jar;C:\Users\shaik\.m2\repository\commons-logging\commons-logging\1.2\commons-logging-1.2.jar;C:\Users\shaik\.m2\repository\com\google\code\gson\gson\2.8.2\gson-2.8.2.jar;C:\Users\shaik\.m2\repository\com\google\guava\guava\23.0\guava-23.0.jar;C:\Users\shaik\.m2\repository\com\google\code\findbugs\jsr305\1.3.9\jsr305-1.3.9.jar;C:\Users\shaik\.m2\repository\com\google\errorprone\error_prone_annotations\2.0.18\error_prone_annotations-2.0.18.jar;C:\Users\shaik\.m2\repository\com\google\j2objc\j2objc-annotations\1.1\j2objc-annotations-1.1.jar;C:\Users\shaik\.m2\repository\org\codehaus\mojo\animal-sniffer-annotations\1.14\animal-sniffer-annotations-1.14.jar;C:\Users\shaik\.m2\repository\org\apache\httpcomponents\httpclient\4.5.3\httpclient-4.5.3.jar;C:\Users\shaik\.m2\repository\org\apache\httpcomponents\httpcore\4.4.6\httpcore-4.4.6.jar;C:\Users\shaik\.m2\repository\info\cukes\cucumber-java\1.2.5\cucumber-java-1.2.5.jar;C:\Users\shaik\.m2\repository\info\cukes\cucumber-core\1.2.5\cucumber-core-1.2.5.jar;C:\Users\shaik\.m2\repository\info\cukes\cucumber-html\0.2.3\cucumber-html-0.2.3.jar;C:\Users\shaik\.m2\repository\info\cukes\gherkin\2.12.2\gherkin-2.12.2.jar;C:\Users\shaik\.m2\repository\info\cukes\cucumber-jvm-deps\1.0.5\cucumber-jvm-deps-1.0.5.jar;C:\Users\shaik\.m2\repository\info\cukes\cucumber-junit\1.2.5\cucumber-junit-1.2.5.jar;"/>
    <property name="sun.cpu.endian" value="little"/>
    <property name="user.home" value="C:\Users\shaik"/>
    <property name="user.language" value="en"/>
    <property name="java.specification.vendor" value="Oracle Corporation"/>
    <property name="java.home" value="C:\Program Files\Java\jdk1.8.0_202\jre"/>
    <property name="basedir" value="C:\Test Automation\Sana_toDoList"/>
    <property name="style.color" value="always"/>
    <property name="file.separator" value="\"/>
    <property name="line.separator" value="&#10;"/>
    <property name="java.vm.specification.vendor" value="Oracle Corporation"/>
    <property name="java.specification.name" value="Java Platform API Specification"/>
    <property name="java.awt.graphicsenv" value="sun.awt.Win32GraphicsEnvironment"/>
    <property name="surefire.real.class.path" value="C:\Users\shaik\AppData\Local\Temp\surefire3913033504500503512\surefirebooter-20231218120402766_3.jar"/>
    <property name="sun.boot.class.path" value="C:\Program Files\Java\jdk1.8.0_202\jre\lib\resources.jar;C:\Program Files\Java\jdk1.8.0_202\jre\lib\rt.jar;C:\Program Files\Java\jdk1.8.0_202\jre\lib\sunrsasign.jar;C:\Program Files\Java\jdk1.8.0_202\jre\lib\jsse.jar;C:\Program Files\Java\jdk1.8.0_202\jre\lib\jce.jar;C:\Program Files\Java\jdk1.8.0_202\jre\lib\charsets.jar;C:\Program Files\Java\jdk1.8.0_202\jre\lib\jfr.jar;C:\Program Files\Java\jdk1.8.0_202\jre\classes"/>
    <property name="user.script" value=""/>
    <property name="sun.management.compiler" value="HotSpot 64-Bit Tiered Compilers"/>
    <property name="java.runtime.version" value="1.8.0_202-b08"/>
    <property name="user.name" value="shaik"/>
    <property name="path.separator" value=";"/>
    <property name="os.version" value="10.0"/>
    <property name="java.endorsed.dirs" value="C:\Program Files\Java\jdk1.8.0_202\jre\lib\endorsed"/>
    <property name="java.runtime.name" value="Java(TM) SE Runtime Environment"/>
    <property name="file.encoding" value="Cp1252"/>
    <property name="java.vm.name" value="Java HotSpot(TM) 64-Bit Server VM"/>
    <property name="localRepository" value="C:\Users\shaik\.m2\repository"/>
    <property name="java.vendor.url.bug" value="http://bugreport.sun.com/bugreport/"/>
    <property name="java.io.tmpdir" value="C:\Users\shaik\AppData\Local\Temp\"/>
    <property name="java.version" value="1.8.0_202"/>
    <property name="user.dir" value="C:\Test Automation\Sana_toDoList"/>
    <property name="os.arch" value="amd64"/>
    <property name="java.vm.specification.name" value="Java Virtual Machine Specification"/>
    <property name="java.awt.printerjob" value="sun.awt.windows.WPrinterJob"/>
    <property name="sun.os.patch.level" value=""/>
    <property name="java.library.path" value="C:\Program Files\Java\jdk1.8.0_202\jre\bin;C:\windows\Sun\Java\bin;C:\windows\system32;C:\windows;C:/Users/shaik/.p2/pool/plugins/org.eclipse.justj.openjdk.hotspot.jre.full.win32.x86_64_17.0.9.v20231028-0858/jre/bin/server;C:/Users/shaik/.p2/pool/plugins/org.eclipse.justj.openjdk.hotspot.jre.full.win32.x86_64_17.0.9.v20231028-0858/jre/bin;C:\Program Files (x86)\Common Files\Oracle\Java\javapath;C:\windows\system32;C:\windows;C:\windows\System32\Wbem;C:\windows\System32\WindowsPowerShell\v1.0\;C:\windows\System32\OpenSSH\;C:\Program Files\Git\cmd;C:\Program Files\Java\jdk1.8.0_202\bin;C:\apache-maven-3.9.6-bin\apache-maven-3.9.6\bin;C:\Users\shaik\AppData\Local\Microsoft\WindowsApps;;C:\Users\shaik\OneDrive\Desktop;;."/>
    <property name="java.vm.info" value="mixed mode"/>
    <property name="java.vendor" value="Oracle Corporation"/>
    <property name="java.vm.version" value="25.202-b08"/>
    <property name="java.ext.dirs" value="C:\Program Files\Java\jdk1.8.0_202\jre\lib\ext;C:\windows\Sun\Java\lib\ext"/>
    <property name="sun.io.unicode.encoding" value="UnicodeLittle"/>
    <property name="java.class.version" value="52.0"/>
  </properties>
  <testcase name="Given User launch given lightweight to-do list webapp" classname="Scenario: 01. Verify that user is able to launch To do list application successfully" time="0.003">
    <system-out><![CDATA[@ToDoListTest
Feature: Test lightweight to-do list webapp Functionality.
]]></system-out>
    <system-err><![CDATA[Starting ChromeDriver 120.0.6099.71 (9729082fe6174c0a371fc66501f5efc5d69d3d2b-refs/branch-heads/6099_56@{#13}) on port 14898
Only local connections are allowed.
Please see https://chromedriver.chromium.org/security-considerations for suggestions on keeping ChromeDriver safe.
ChromeDriver was started successfully.
Dec 18, 2023 12:04:06 PM org.openqa.selenium.remote.ProtocolHandshake createSession
INFO: Detected dialect: W3C
]]></system-err>
  </testcase>
  <testcase name="Then Verify the webapp home page" classname="Scenario: 01. Verify that user is able to launch To do list application successfully" time="0.0">
    <system-out><![CDATA[Successfully verified the todo list HomePage
]]></system-out>
  </testcase>
  <testcase name="" classname="Scenario: 01. Verify that user is able to launch To do list application successfully" time="0.127"/>
  <testcase name="Given User launch given lightweight to-do list webapp" classname="| item_1 |" time="0.0">
    <system-out><![CDATA[
  @VerifyToDoListPage @Priority1 @SmokeTest @PositiveScenario
  Scenario: 01. Verify that user is able to launch To do list application successfully # SanaToDoListScenarios.feature:6
    Given User launch given lightweight to-do list webapp                              # stepDefinitions.user_launch_given_lightweight_to_do_list_webapp()
    Then Verify the webapp home page                                                   # stepDefinitions.verify_the_webapp_home_page()

  @AddItem @PositiveScenario
  Scenario Outline: 02. Verify that user is able to add a task successfully # SanaToDoListScenarios.feature:12
    Given User launch given lightweight to-do list webapp
    When Verify the webapp home page
    Then User add a "<ItemName>" to todo list
    And Verify the "<ItemName>" is successfully added to todo list

    Examples: 
]]></system-out>
    <system-err><![CDATA[Starting ChromeDriver 120.0.6099.71 (9729082fe6174c0a371fc66501f5efc5d69d3d2b-refs/branch-heads/6099_56@{#13}) on port 3481
Only local connections are allowed.
Please see https://chromedriver.chromium.org/security-considerations for suggestions on keeping ChromeDriver safe.
ChromeDriver was started successfully.
Dec 18, 2023 12:04:13 PM org.openqa.selenium.remote.ProtocolHandshake createSession
INFO: Detected dialect: W3C
]]></system-err>
  </testcase>
  <testcase name="When Verify the webapp home page" classname="| item_1 |" time="0.0">
    <system-out><![CDATA[Successfully verified the todo list HomePage
]]></system-out>
  </testcase>
  <testcase name="Then User add a &quot;item_1&quot; to todo list" classname="| item_1 |" time="0.0"/>
  <testcase name="And Verify the &quot;item_1&quot; is successfully added to todo list" classname="| item_1 |" time="0.0">
    <system-out><![CDATA[item_1
]]></system-out>
  </testcase>
  <testcase name="" classname="| item_1 |" time="0.176"/>
  <testcase name="Given User launch given lightweight to-do list webapp" classname="Scenario: 03. Verify that user is able to close a task by pressing X button" time="0.0">
    <system-out><![CDATA[
  @ToDoListTest @AddItem @PositiveScenario
  Scenario Outline: 02. Verify that user is able to add a task successfully # SanaToDoListScenarios.feature:20
    Given User launch given lightweight to-do list webapp                   # stepDefinitions.user_launch_given_lightweight_to_do_list_webapp()
    When Verify the webapp home page                                        # stepDefinitions.verify_the_webapp_home_page()
    Then User add a "item_1" to todo list                                   # stepDefinitions.user_add_a_to_todo_list(String)
    And Verify the "item_1" is successfully added to todo list              # stepDefinitions.verify_the_is_successfully_added_to_todo_list(String)
]]></system-out>
    <system-err><![CDATA[Starting ChromeDriver 120.0.6099.71 (9729082fe6174c0a371fc66501f5efc5d69d3d2b-refs/branch-heads/6099_56@{#13}) on port 10579
Only local connections are allowed.
Please see https://chromedriver.chromium.org/security-considerations for suggestions on keeping ChromeDriver safe.
ChromeDriver was started successfully.
Dec 18, 2023 12:04:25 PM org.openqa.selenium.remote.ProtocolHandshake createSession
INFO: Detected dialect: W3C
]]></system-err>
  </testcase>
  <testcase name="And Verify the webapp home page" classname="Scenario: 03. Verify that user is able to close a task by pressing X button" time="0.0">
    <system-out><![CDATA[Successfully verified the todo list HomePage
]]></system-out>
  </testcase>
  <testcase name="And User add three tasks to todo list" classname="Scenario: 03. Verify that user is able to close a task by pressing X button" time="0.0"/>
  <testcase name="When User closes one task" classname="Scenario: 03. Verify that user is able to close a task by pressing X button" time="0.0"/>
  <testcase name="Then the total count of incomplete tasks should be two" classname="Scenario: 03. Verify that user is able to close a task by pressing X button" time="0.0">
    <system-out><![CDATA[2
]]></system-out>
  </testcase>
  <testcase name="" classname="Scenario: 03. Verify that user is able to close a task by pressing X button" time="0.176"/>
  <testcase name="Given User launch given lightweight to-do list webapp" classname="Scenario: 04. Verify that user is able to mark or un mark a task a completed" time="0.0">
    <system-out><![CDATA[
  @CloseTask @PositiveScenario
  Scenario: 03. Verify that user is able to close a task by pressing X button # SanaToDoListScenarios.feature:23
    Given User launch given lightweight to-do list webapp                     # stepDefinitions.user_launch_given_lightweight_to_do_list_webapp()
    And Verify the webapp home page                                           # stepDefinitions.verify_the_webapp_home_page()
    And User add three tasks to todo list                                     # stepDefinitions.user_add_three_tasks_to_todo_list()
    When User closes one task                                                 # stepDefinitions.user_closes_one_task()
    Then the total count of incomplete tasks should be two                    # stepDefinitions.the_total_count_of_incomplete_tasks_should_be_two()
]]></system-out>
    <system-err><![CDATA[Starting ChromeDriver 120.0.6099.71 (9729082fe6174c0a371fc66501f5efc5d69d3d2b-refs/branch-heads/6099_56@{#13}) on port 33144
Only local connections are allowed.
Please see https://chromedriver.chromium.org/security-considerations for suggestions on keeping ChromeDriver safe.
ChromeDriver was started successfully.
Dec 18, 2023 12:04:39 PM org.openqa.selenium.remote.ProtocolHandshake createSession
INFO: Detected dialect: W3C
]]></system-err>
  </testcase>
  <testcase name="And Verify the webapp home page" classname="Scenario: 04. Verify that user is able to mark or un mark a task a completed" time="0.0">
    <system-out><![CDATA[Successfully verified the todo list HomePage
]]></system-out>
  </testcase>
  <testcase name="And User add three tasks to todo list" classname="Scenario: 04. Verify that user is able to mark or un mark a task a completed" time="0.0"/>
  <testcase name="When User markes one task" classname="Scenario: 04. Verify that user is able to mark or un mark a task a completed" time="0.0"/>
  <testcase name="Then the total count of incomplete tasks should be two" classname="Scenario: 04. Verify that user is able to mark or un mark a task a completed" time="0.0">
    <system-out><![CDATA[2
]]></system-out>
  </testcase>
  <testcase name="When User un markes one task" classname="Scenario: 04. Verify that user is able to mark or un mark a task a completed" time="0.0"/>
  <testcase name="Then the total count of incomplete tasks should be three" classname="Scenario: 04. Verify that user is able to mark or un mark a task a completed" time="0.0">
    <system-out><![CDATA[3
]]></system-out>
  </testcase>
  <testcase name="" classname="Scenario: 04. Verify that user is able to mark or un mark a task a completed" time="0.184"/>
  <testcase name="Given the user attempts to access an invalid URL like &quot;https://todomvc.com/examples/angular3/&quot;" classname="Scenario: 05. Verify that User should get an error whern Accessing an invalid URL" time="0.001">
    <system-out><![CDATA[
  @markedcompleted @PositiveScenario
  Scenario: 04. Verify that user is able to mark or un mark a task a completed # SanaToDoListScenarios.feature:31
    Given User launch given lightweight to-do list webapp                      # stepDefinitions.user_launch_given_lightweight_to_do_list_webapp()
    And Verify the webapp home page                                            # stepDefinitions.verify_the_webapp_home_page()
    And User add three tasks to todo list                                      # stepDefinitions.user_add_three_tasks_to_todo_list()
    When User markes one task                                                  # stepDefinitions.user_markes_one_task()
    Then the total count of incomplete tasks should be two                     # stepDefinitions.the_total_count_of_incomplete_tasks_should_be_two()
    When User un markes one task                                               # stepDefinitions.user_un_markes_one_task()
    Then the total count of incomplete tasks should be three                   # stepDefinitions.the_total_count_of_incomplete_tasks_should_be_three()
]]></system-out>
    <system-err><![CDATA[Starting ChromeDriver 120.0.6099.71 (9729082fe6174c0a371fc66501f5efc5d69d3d2b-refs/branch-heads/6099_56@{#13}) on port 3438
Only local connections are allowed.
Please see https://chromedriver.chromium.org/security-considerations for suggestions on keeping ChromeDriver safe.
ChromeDriver was started successfully.
Dec 18, 2023 12:04:59 PM org.openqa.selenium.remote.ProtocolHandshake createSession
INFO: Detected dialect: W3C
]]></system-err>
  </testcase>
  <testcase name="Then the user should be redirected to an error page or a 404 page not found" classname="Scenario: 05. Verify that User should get an error whern Accessing an invalid URL" time="0.0"/>
  <testcase name="" classname="Scenario: 05. Verify that User should get an error whern Accessing an invalid URL" time="0.073"/>
  <testcase name="Given User launch given lightweight to-do list webapp" classname="Scenario: 06. Verify that user should not be able to add a empty  task" time="0.0">
    <system-out><![CDATA[
  @invalidURL @NegativeScenario
  Scenario: 05. Verify that User should get an error whern Accessing an invalid URL                # SanaToDoListScenarios.feature:41
    Given the user attempts to access an invalid URL like "https://todomvc.com/examples/angular3/" # stepDefinitions.the_user_attempts_to_access_an_invalid_URL_like(String)
    Then the user should be redirected to an error page or a 404 page not found                    # stepDefinitions.the_user_should_be_redirected_to_an_error_page_or_a_page_not_found(int)
]]></system-out>
    <system-err><![CDATA[Starting ChromeDriver 120.0.6099.71 (9729082fe6174c0a371fc66501f5efc5d69d3d2b-refs/branch-heads/6099_56@{#13}) on port 45647
Only local connections are allowed.
Please see https://chromedriver.chromium.org/security-considerations for suggestions on keeping ChromeDriver safe.
ChromeDriver was started successfully.
Dec 18, 2023 12:05:00 PM org.openqa.selenium.remote.ProtocolHandshake createSession
INFO: Detected dialect: W3C
]]></system-err>
  </testcase>
  <testcase name="And Verify the webapp home page" classname="Scenario: 06. Verify that user should not be able to add a empty  task" time="0.0">
    <system-out><![CDATA[Successfully verified the todo list HomePage
]]></system-out>
  </testcase>
  <testcase name="And User try to add empty task" classname="Scenario: 06. Verify that user should not be able to add a empty  task" time="0.0"/>
  <testcase name="Then user should not be able to add empty task" classname="Scenario: 06. Verify that user should not be able to add a empty  task" time="0.0"/>
  <testcase name="" classname="Scenario: 06. Verify that user should not be able to add a empty  task" time="0.187">
    <system-err><![CDATA[[1702897520.494][SEVERE]: Unable to receive message from renderer
]]></system-err>
  </testcase>
  <testcase name="Given User launch given lightweight to-do list webapp" classname="| task 1 |" time="0.0">
    <system-out><![CDATA[
  @addingblanktask @NegativeScenario
  Scenario: 06. Verify that user should not be able to add a empty  task # SanaToDoListScenarios.feature:46
    Given User launch given lightweight to-do list webapp                # stepDefinitions.user_launch_given_lightweight_to_do_list_webapp()
    And Verify the webapp home page                                      # stepDefinitions.verify_the_webapp_home_page()
    And User try to add empty task                                       # stepDefinitions.user_try_to_add_empty_task()
    Then user should not be able to add empty task                       # stepDefinitions.user_should_not_be_able_to_add_empty_task()

  @editwithemptystring @NegativeScenario
  Scenario Outline: 07. Verify that when user try to edit an existing task with empty value then user should be getting an error message # SanaToDoListScenarios.feature:53
    Given User launch given lightweight to-do list webapp
    And Verify the webapp home page
    And User add a "<task>" to todo list
    And User edits the existing task with empty string
    Then User should be getting an error message

    Examples: 
]]></system-out>
    <system-err><![CDATA[Starting ChromeDriver 120.0.6099.71 (9729082fe6174c0a371fc66501f5efc5d69d3d2b-refs/branch-heads/6099_56@{#13}) on port 46605
Only local connections are allowed.
Please see https://chromedriver.chromium.org/security-considerations for suggestions on keeping ChromeDriver safe.
ChromeDriver was started successfully.
Dec 18, 2023 12:05:21 PM org.openqa.selenium.remote.ProtocolHandshake createSession
INFO: Detected dialect: W3C
]]></system-err>
  </testcase>
  <testcase name="And Verify the webapp home page" classname="| task 1 |" time="0.0">
    <system-out><![CDATA[Successfully verified the todo list HomePage
]]></system-out>
  </testcase>
  <testcase name="And User add a &quot;task 1&quot; to todo list" classname="| task 1 |" time="0.0"/>
  <testcase name="And User edits the existing task with empty string" classname="| task 1 |" time="0.0"/>
  <testcase name="Then User should be getting an error message" classname="| task 1 |" time="0.0"/>
  <testcase name="" classname="| task 1 |" time="0.184">
    <system-err><![CDATA[[1702897538.808][WARNING]: Processing messages while being disconnected
[1702897538.809][SEVERE]: Unable to receive message from renderer
]]></system-err>
  </testcase>
  <testcase name="Given User launch given lightweight to-do list webapp" classname="Scenario: 08. Verify that when user try to add a task with leading spaces then application should add the task by removing all leading and trailing spaces" time="0.0">
    <system-out><![CDATA[
  @editwithemptystring @ToDoListTest @NegativeScenario
  Scenario Outline: 07. Verify that when user try to edit an existing task with empty value then user should be getting an error message # SanaToDoListScenarios.feature:62
    Given User launch given lightweight to-do list webapp                                                                                # stepDefinitions.user_launch_given_lightweight_to_do_list_webapp()
    And Verify the webapp home page                                                                                                      # stepDefinitions.verify_the_webapp_home_page()
    And User add a "task 1" to todo list                                                                                                 # stepDefinitions.user_add_a_to_todo_list(String)
    And User edits the existing task with empty string                                                                                   # stepDefinitions.user_edits_the_existing_task_with_empty_string()
    Then User should be getting an error message                                                                                         # stepDefinitions.user_should_be_getting_an_error_message()
]]></system-out>
    <system-err><![CDATA[Starting ChromeDriver 120.0.6099.71 (9729082fe6174c0a371fc66501f5efc5d69d3d2b-refs/branch-heads/6099_56@{#13}) on port 2505
Only local connections are allowed.
Please see https://chromedriver.chromium.org/security-considerations for suggestions on keeping ChromeDriver safe.
ChromeDriver was started successfully.
Dec 18, 2023 12:05:40 PM org.openqa.selenium.remote.ProtocolHandshake createSession
INFO: Detected dialect: W3C
]]></system-err>
  </testcase>
  <testcase name="And Verify the webapp home page" classname="Scenario: 08. Verify that when user try to add a task with leading spaces then application should add the task by removing all leading and trailing spaces" time="0.0">
    <system-out><![CDATA[Successfully verified the todo list HomePage
]]></system-out>
  </testcase>
  <testcase name="And User add a &quot;      task_1    &quot; to todo list" classname="Scenario: 08. Verify that when user try to add a task with leading spaces then application should add the task by removing all leading and trailing spaces" time="0.0"/>
  <testcase name="Then User should be able to add the task by removing leading and traling spaces" classname="Scenario: 08. Verify that when user try to add a task with leading spaces then application should add the task by removing all leading and trailing spaces" time="0.0"/>
  <testcase name="" classname="Scenario: 08. Verify that when user try to add a task with leading spaces then application should add the task by removing all leading and trailing spaces" time="0.181"/>
</testsuite>